[    0.000000] Linux version 4.15.0-54-generic (buildd@lgw01-amd64-014) (gcc version 7.4.0 (Ubuntu 7.4.0-1ubuntu1~18.04.1)) #58-Ubuntu SMP Mon Jun 24 10:55:24 UTC 2019 (Ubuntu 4.15.0-54.58-generic 4.15.18)
[    0.000000] Command line: BOOT_IMAGE=/boot/vmlinuz-4.15.0-54-generic root=UUID=7e8b22db-9849-4abd-a8e3-491271b94bd0 ro console=tty1 console=ttyS0
[    0.000000] KERNEL supported cpus:
[    0.000000]   Intel GenuineIntel
[    0.000000]   AMD AuthenticAMD
[    0.000000]   Centaur CentaurHauls
[    0.000000] x86/fpu: Supporting XSAVE feature 0x001: 'x87 floating point registers'
[    0.000000] x86/fpu: Supporting XSAVE feature 0x002: 'SSE registers'
[    0.000000] x86/fpu: Supporting XSAVE feature 0x004: 'AVX registers'
[    0.000000] x86/fpu: xstate_offset[2]:  576, xstate_sizes[2]:  256
[    0.000000] x86/fpu: Enabled xstate features 0x7, context size is 832 bytes, using 'standard' format.
[    0.000000] e820: BIOS-provided physical RAM map:
[    0.000000] BIOS-e820: [mem 0x0000000000000000-0x000000000009fbff] usable
[    0.000000] BIOS-e820: [mem 0x000000000009fc00-0x000000000009ffff] reserved
[    0.000000] BIOS-e820: [mem 0x00000000000f0000-0x00000000000fffff] reserved
[    0.000000] BIOS-e820: [mem 0x0000000000100000-0x000000007e7effff] usable
[    0.000000] BIOS-e820: [mem 0x000000007e7f0000-0x000000007e7fffff] ACPI data
[    0.000000] BIOS-e820: [mem 0x00000000fec00000-0x00000000fec00fff] reserved
[    0.000000] BIOS-e820: [mem 0x00000000fee00000-0x00000000fee00fff] reserved
[    0.000000] BIOS-e820: [mem 0x00000000fffc0000-0x00000000ffffffff] reserved
[    0.000000] NX (Execute Disable) protection: active
[    0.000000] SMBIOS 2.5 present.
[    0.000000] DMI: innotek GmbH VirtualBox/VirtualBox, BIOS VirtualBox 12/01/2006
[    0.000000] Hypervisor detected: KVM
[    0.000000] e820: last_pfn = 0x7e7f0 max_arch_pfn = 0x400000000
[    0.000000] MTRR: Disabled
[    0.000000] x86/PAT: MTRRs disabled, skipping PAT initialization too.
[    0.000000] CPU MTRRs all blank - virtualized system.
[    0.000000] x86/PAT: Configuration [0-7]: WB  WT  UC- UC  WB  WT  UC- UC  
[    0.000000] found SMP MP-table at [mem 0x0009fff0-0x0009ffff] mapped at [        (ptrval)]
[    0.000000] Scanning 1 areas for low memory corruption
[    0.000000] RAMDISK: [mem 0x35987000-0x36cbafff]
[    0.000000] ACPI: Early table checksum verification disabled
[    0.000000] ACPI: RSDP 0x00000000000E0000 000024 (v02 VBOX  )
[    0.000000] ACPI: XSDT 0x000000007E7F0030 00003C (v01 VBOX   VBOXXSDT 00000001 ASL  00000061)
[    0.000000] ACPI: FACP 0x000000007E7F00F0 0000F4 (v04 VBOX   VBOXFACP 00000001 ASL  00000061)
[    0.000000] ACPI: DSDT 0x000000007E7F0470 002325 (v02 VBOX   VBOXBIOS 00000002 INTL 20100528)
[    0.000000] ACPI: FACS 0x000000007E7F0200 000040
[    0.000000] ACPI: FACS 0x000000007E7F0200 000040
[    0.000000] ACPI: APIC 0x000000007E7F0240 000054 (v02 VBOX   VBOXAPIC 00000001 ASL  00000061)
[    0.000000] ACPI: SSDT 0x000000007E7F02A0 0001CC (v01 VBOX   VBOXCPUT 00000002 INTL 20100528)
[    0.000000] No NUMA configuration found
[    0.000000] Faking a node at [mem 0x0000000000000000-0x000000007e7effff]
[    0.000000] NODE_DATA(0) allocated [mem 0x7e7c5000-0x7e7effff]
[    0.000000] kvm-clock: cpu 0, msr 0:7e744001, primary cpu clock
[    0.000000] kvm-clock: Using msrs 4b564d01 and 4b564d00
[    0.000000] kvm-clock: using sched offset of 7837815287 cycles
[    0.000000] clocksource: kvm-clock: mask: 0xffffffffffffffff max_cycles: 0x1cd42e4dffb, max_idle_ns: 881590591483 ns
[    0.000000] Zone ranges:
[    0.000000]   DMA      [mem 0x0000000000001000-0x0000000000ffffff]
[    0.000000]   DMA32    [mem 0x0000000001000000-0x000000007e7effff]
[    0.000000]   Normal   empty
[    0.000000]   Device   empty
[    0.000000] Movable zone start for each node
[    0.000000] Early memory node ranges
[    0.000000]   node   0: [mem 0x0000000000001000-0x000000000009efff]
[    0.000000]   node   0: [mem 0x0000000000100000-0x000000007e7effff]
[    0.000000] Reserved but unavailable: 6258 pages
[    0.000000] Initmem setup node 0 [mem 0x0000000000001000-0x000000007e7effff]
[    0.000000] ACPI: PM-Timer IO Port: 0x4008
[    0.000000] IOAPIC[0]: apic_id 1, version 32, address 0xfec00000, GSI 0-23
[    0.000000] ACPI: INT_SRC_OVR (bus 0 bus_irq 0 global_irq 2 dfl dfl)
[    0.000000] ACPI: INT_SRC_OVR (bus 0 bus_irq 9 global_irq 9 low level)
[    0.000000] Using ACPI (MADT) for SMP configuration information
[    0.000000] smpboot: Allowing 1 CPUs, 0 hotplug CPUs
[    0.000000] PM: Registered nosave memory: [mem 0x00000000-0x00000fff]
[    0.000000] PM: Registered nosave memory: [mem 0x0009f000-0x0009ffff]
[    0.000000] PM: Registered nosave memory: [mem 0x000a0000-0x000effff]
[    0.000000] PM: Registered nosave memory: [mem 0x000f0000-0x000fffff]
[    0.000000] e820: [mem 0x7e800000-0xfebfffff] available for PCI devices
[    0.000000] Booting paravirtualized kernel on KVM
[    0.000000] clocksource: refined-jiffies: mask: 0xffffffff max_cycles: 0xffffffff, max_idle_ns: 7645519600211568 ns
[    0.000000] random: get_random_bytes called from start_kernel+0x99/0x4fd with crng_init=0
[    0.000000] setup_percpu: NR_CPUS:8192 nr_cpumask_bits:1 nr_cpu_ids:1 nr_node_ids:1
[    0.000000] percpu: Embedded 46 pages/cpu @        (ptrval) s151552 r8192 d28672 u2097152
[    0.000000] PV qspinlock hash table entries: 256 (order: 0, 4096 bytes)
[    0.000000] Built 1 zonelists, mobility grouping on.  Total pages: 509913
[    0.000000] Policy zone: DMA32
[    0.000000] Kernel command line: BOOT_IMAGE=/boot/vmlinuz-4.15.0-54-generic root=UUID=7e8b22db-9849-4abd-a8e3-491271b94bd0 ro console=tty1 console=ttyS0
[    0.000000] Memory: 1990720K/2072120K available (12300K kernel code, 2473K rwdata, 4272K rodata, 2408K init, 2416K bss, 81400K reserved, 0K cma-reserved)
[    0.000000] SLUB: HWalign=64, Order=0-3, MinObjects=0, CPUs=1, Nodes=1
[    0.000000] Kernel/User page tables isolation: enabled
[    0.000000] ftrace: allocating 39216 entries in 154 pages
[    0.004000] Hierarchical RCU implementation.
[    0.004000] 	RCU restricting CPUs from NR_CPUS=8192 to nr_cpu_ids=1.
[    0.004000] 	Tasks RCU enabled.
[    0.004000] RCU: Adjusting geometry for rcu_fanout_leaf=16, nr_cpu_ids=1
[    0.004000] NR_IRQS: 524544, nr_irqs: 256, preallocated irqs: 16
[    0.004000] Console: colour VGA+ 80x25
[    0.004000] console [tty1] enabled
[    0.004000] console [ttyS0] enabled
[    0.004000] ACPI: Core revision 20170831
[    0.004000] ACPI: 2 ACPI AML tables successfully acquired and loaded
[    0.004000] APIC: Switch to symmetric I/O mode setup
[    0.004000] x2apic enabled
[    0.004012] Switched APIC routing to physical x2apic.
[    0.011475] ..TIMER: vector=0x30 apic1=0 pin1=2 apic2=-1 pin2=-1
[    0.012010] tsc: Detected 2594.116 MHz processor
[    0.016021] Calibrating delay loop (skipped) preset value.. 5188.23 BogoMIPS (lpj=10376464)
[    0.019702] pid_max: default: 32768 minimum: 301
[    0.020104] Security Framework initialized
[    0.024007] Yama: becoming mindful.
[    0.025707] AppArmor: AppArmor initialized
[    0.030496] Dentry cache hash table entries: 262144 (order: 9, 2097152 bytes)
[    0.036117] Inode-cache hash table entries: 131072 (order: 8, 1048576 bytes)
[    0.039081] Mount-cache hash table entries: 4096 (order: 3, 32768 bytes)
[    0.040028] Mountpoint-cache hash table entries: 4096 (order: 3, 32768 bytes)
[    0.044546] mce: CPU supports 0 MCE banks
[    0.048043] process: using mwait in idle threads
[    0.050400] Last level iTLB entries: 4KB 512, 2MB 8, 4MB 8
[    0.052009] Last level dTLB entries: 4KB 512, 2MB 32, 4MB 32, 1GB 0
[    0.054508] Spectre V2 : Mitigation: Full generic retpoline
[    0.056007] Spectre V2 : Spectre v2 / SpectreRSB mitigation: Filling RSB on context switch
[    0.060011] Speculative Store Bypass: Vulnerable
[    0.062136] MDS: Vulnerable: Clear CPU buffers attempted, no microcode
[    0.089689] Freeing SMP alternatives memory: 36K
[    0.096000] smpboot: CPU0: Intel(R) Core(TM) i5-3230M CPU @ 2.60GHz (family: 0x6, model: 0x3a, stepping: 0x9)
[    0.096000] Performance Events: unsupported p6 CPU model 58 no PMU driver, software events only.
[    0.096107] Hierarchical SRCU implementation.
[    0.098313] NMI watchdog: Perf event create on CPU 0 failed with -2
[    0.100004] NMI watchdog: Perf NMI watchdog permanently disabled
[    0.102973] smp: Bringing up secondary CPUs ...
[    0.104007] smp: Brought up 1 node, 1 CPU
[    0.105283] smpboot: Max logical packages: 1
[    0.108005] smpboot: Total of 1 processors activated (5188.23 BogoMIPS)
[    0.110282] devtmpfs: initialized
[    0.112126] x86/mm: Memory block size: 128MB
[    0.114123] evm: security.selinux
[    0.115242] evm: security.SMACK64
[    0.116005] evm: security.SMACK64EXEC
[    0.117183] evm: security.SMACK64TRANSMUTE
[    0.119004] evm: security.SMACK64MMAP
[    0.120013] evm: security.apparmor
[    0.121264] evm: security.ima
[    0.124004] evm: security.capability
[    0.125499] clocksource: jiffies: mask: 0xffffffff max_cycles: 0xffffffff, max_idle_ns: 7645041785100000 ns
[    0.128000] futex hash table entries: 256 (order: 2, 16384 bytes)
[    0.128082] pinctrl core: initialized pinctrl subsystem
[    0.132197] RTC time: 17:09:27, date: 06/10/20
[    0.133813] NET: Registered protocol family 16
[    0.135866] audit: initializing netlink subsys (disabled)
[    0.136328] cpuidle: using governor ladder
[    0.137736] cpuidle: using governor menu
[    0.140014] audit: type=2000 audit(1591808976.453:1): state=initialized audit_enabled=0 res=1
[    0.142965] ACPI: bus type PCI registered
[    0.144005] acpiphp: ACPI Hot Plug PCI Controller Driver version: 0.5
[    0.148047] PCI: Using configuration type 1 for base access
[    0.154158] HugeTLB registered 2.00 MiB page size, pre-allocated 0 pages
[    0.156322] ACPI: Added _OSI(Module Device)
[    0.157666] ACPI: Added _OSI(Processor Device)
[    0.159114] ACPI: Added _OSI(3.0 _SCP Extensions)
[    0.160010] ACPI: Added _OSI(Processor Aggregator Device)
[    0.161699] ACPI: Added _OSI(Linux-Dell-Video)
[    0.163083] ACPI: Added _OSI(Linux-Lenovo-NV-HDMI-Audio)
[    0.164004] ACPI: Added _OSI(Linux-HPI-Hybrid-Graphics)
[    0.168456] ACPI: Executed 1 blocks of module-level executable AML code
[    0.184000] ACPI: Interpreter enabled
[    0.184031] ACPI: (supports S0 S5)
[    0.185375] ACPI: Using IOAPIC for interrupt routing
[    0.189050] PCI: Using host bridge windows from ACPI; if necessary, use "pci=nocrs" and report a bug
[    0.192477] ACPI: Enabled 2 GPEs in block 00 to 07
[    0.218254] ACPI: PCI Root Bridge [PCI0] (domain 0000 [bus 00-ff])
[    0.220028] acpi PNP0A03:00: _OSC: OS supports [ASPM ClockPM Segments MSI]
[    0.224821] acpi PNP0A03:00: _OSC: not requesting OS control; OS requires [ExtendedConfig ASPM ClockPM MSI]
[    0.228020] acpi PNP0A03:00: fail to add MMCONFIG information, can't access extended PCI configuration space under this bridge.
[    0.233253] PCI host bridge to bus 0000:00
[    0.236019] pci_bus 0000:00: root bus resource [io  0x0000-0x0cf7 window]
[    0.240021] pci_bus 0000:00: root bus resource [io  0x0d00-0xffff window]
[    0.244022] pci_bus 0000:00: root bus resource [mem 0x000a0000-0x000bffff window]
[    0.248020] pci_bus 0000:00: root bus resource [mem 0x7e800000-0xfdffffff window]
[    0.252017] pci_bus 0000:00: root bus resource [bus 00-ff]
[    0.267233] pci 0000:00:01.1: legacy IDE quirk: reg 0x10: [io  0x01f0-0x01f7]
[    0.268017] pci 0000:00:01.1: legacy IDE quirk: reg 0x14: [io  0x03f6]
[    0.272020] pci 0000:00:01.1: legacy IDE quirk: reg 0x18: [io  0x0170-0x0177]
[    0.276017] pci 0000:00:01.1: legacy IDE quirk: reg 0x1c: [io  0x0376]
[    0.346981] pci 0000:00:07.0: quirk: [io  0x4000-0x403f] claimed by PIIX4 ACPI
[    0.348049] pci 0000:00:07.0: quirk: [io  0x4100-0x410f] claimed by PIIX4 SMB
[    0.400333] ACPI: PCI Interrupt Link [LNKA] (IRQs 5 9 10 *11)
[    0.405289] ACPI: PCI Interrupt Link [LNKB] (IRQs 5 9 *10 11)
[    0.408496] ACPI: PCI Interrupt Link [LNKC] (IRQs 5 *9 10 11)
[    0.412504] ACPI: PCI Interrupt Link [LNKD] (IRQs 5 9 10 *11)
[    0.418560] SCSI subsystem initialized
[    0.420372] pci 0000:00:02.0: vgaarb: setting as boot VGA device
[    0.424000] pci 0000:00:02.0: vgaarb: VGA device added: decodes=io+mem,owns=io+mem,locks=none
[    0.424023] pci 0000:00:02.0: vgaarb: bridge control possible
[    0.428014] vgaarb: loaded
[    0.432225] ACPI: bus type USB registered
[    0.435184] usbcore: registered new interface driver usbfs
[    0.436056] usbcore: registered new interface driver hub
[    0.440069] usbcore: registered new device driver usb
[    0.442575] EDAC MC: Ver: 3.0.0
[    0.448359] PCI: Using ACPI for IRQ routing
[    0.451025] NetLabel: Initializing
[    0.452011] NetLabel:  domain hash size = 128
[    0.454805] NetLabel:  protocols = UNLABELED CIPSOv4 CALIPSO
[    0.456105] NetLabel:  unlabeled traffic allowed by default
[    0.460440] clocksource: Switched to clocksource kvm-clock
[    0.512607] VFS: Disk quotas dquot_6.6.0
[    0.514338] VFS: Dquot-cache hash table entries: 512 (order 0, 4096 bytes)
[    0.517454] AppArmor: AppArmor Filesystem Enabled
[    0.519086] pnp: PnP ACPI init
[    0.523671] pnp: PnP ACPI: found 3 devices
[    0.533068] clocksource: acpi_pm: mask: 0xffffff max_cycles: 0xffffff, max_idle_ns: 2085701024 ns
[    0.535994] NET: Registered protocol family 2
[    0.538041] TCP established hash table entries: 16384 (order: 5, 131072 bytes)
[    0.540478] TCP bind hash table entries: 16384 (order: 6, 262144 bytes)
[    0.542764] TCP: Hash tables configured (established 16384 bind 16384)
[    0.545205] UDP hash table entries: 1024 (order: 3, 32768 bytes)
[    0.547509] UDP-Lite hash table entries: 1024 (order: 3, 32768 bytes)
[    0.549981] NET: Registered protocol family 1
[    0.551447] pci 0000:00:00.0: Limiting direct PCI/PCI transfers
[    0.553961] pci 0000:00:01.0: Activating ISA DMA hang workarounds
[    0.555868] pci 0000:00:02.0: Video device with shadowed ROM at [mem 0x000c0000-0x000dffff]
[    0.559100] Unpacking initramfs...
[    1.333270] Freeing initrd memory: 19664K
[    1.334842] clocksource: tsc: mask: 0xffffffffffffffff max_cycles: 0x256485898c4, max_idle_ns: 440795246280 ns
[    1.337947] platform rtc_cmos: registered platform RTC device (no PNP device found)
[    1.341252] Scanning for low memory corruption every 60 seconds
[    1.344603] Initialise system trusted keyrings
[    1.346137] Key type blacklist registered
[    1.347520] workingset: timestamp_bits=36 max_order=19 bucket_order=0
[    1.354304] zbud: loaded
[    1.356397] squashfs: version 4.0 (2009/01/31) Phillip Lougher
[    1.359904] fuse init (API version 7.26)
[    1.365261] Key type asymmetric registered
[    1.367015] Asymmetric key parser 'x509' registered
[    1.368235] Block layer SCSI generic (bsg) driver version 0.4 loaded (major 246)
[    1.371116] io scheduler noop registered
[    1.372746] io scheduler deadline registered
[    1.374259] io scheduler cfq registered (default)
[    1.376601] ACPI: AC Adapter [AC] (on-line)
[    1.378429] input: Power Button as /devices/LNXSYSTM:00/LNXPWRBN:00/input/input0
[    1.380402] ACPI: Power Button [PWRF]
[    1.382242] input: Sleep Button as /devices/LNXSYSTM:00/LNXSLPBN:00/input/input1
[    1.384548] ACPI: Sleep Button [SLPF]
[    1.388434] ACPI: Battery Slot [BAT0] (battery present)
[    1.390253] Serial: 8250/16550 driver, 32 ports, IRQ sharing enabled
[    1.413923] 00:02: ttyS0 at I/O 0x3f8 (irq = 4, base_baud = 115200) is a 16550A
[    1.420295] Linux agpgart interface v0.103
[    1.424709] loop: module loaded
[    1.426991] scsi host0: ata_piix
[    1.428480] scsi host1: ata_piix
[    1.429875] ata1: PATA max UDMA/33 cmd 0x1f0 ctl 0x3f6 bmdma 0xd000 irq 14
[    1.431904] ata2: PATA max UDMA/33 cmd 0x170 ctl 0x376 bmdma 0xd008 irq 15
[    1.434788] libphy: Fixed MDIO Bus: probed
[    1.436397] tun: Universal TUN/TAP device driver, 1.6
[    1.438423] PPP generic driver version 2.4.2
[    1.440219] ehci_hcd: USB 2.0 'Enhanced' Host Controller (EHCI) Driver
[    1.442808] ehci-pci: EHCI PCI platform driver
[    1.444775] ehci-platform: EHCI generic platform driver
[    1.446824] ohci_hcd: USB 1.1 'Open' Host Controller (OHCI) Driver
[    1.449237] ohci-pci: OHCI PCI platform driver
[    1.451107] ohci-platform: OHCI generic platform driver
[    1.453254] uhci_hcd: USB Universal Host Controller Interface driver
[    1.455288] i8042: PNP: PS/2 Controller [PNP0303:PS2K,PNP0f03:PS2M] at 0x60,0x64 irq 1,12
[    1.458599] serio: i8042 KBD port at 0x60,0x64 irq 1
[    1.461345] serio: i8042 AUX port at 0x60,0x64 irq 12
[    1.464110] mousedev: PS/2 mouse device common for all mice
[    1.466421] input: AT Translated Set 2 keyboard as /devices/platform/i8042/serio0/input/input2
[    1.470100] rtc_cmos rtc_cmos: rtc core: registered rtc_cmos as rtc0
[    1.472434] rtc_cmos rtc_cmos: alarms up to one day, 114 bytes nvram
[    1.474368] i2c /dev entries driver
[    1.475712] device-mapper: uevent: version 1.0.3
[    1.478179] device-mapper: ioctl: 4.37.0-ioctl (2017-09-20) initialised: dm-devel@redhat.com
[    1.480748] ledtrig-cpu: registered to indicate activity on CPUs
[    1.483671] NET: Registered protocol family 10
[    1.495054] Segment Routing with IPv6
[    1.496730] NET: Registered protocol family 17
[    1.498194] Key type dns_resolver registered
[    1.499802] RAS: Correctable Errors collector initialized.
[    1.501635] sched_clock: Marking stable (1501517765, 0)->(2152715232, -651197467)
[    1.504331] registered taskstats version 1
[    1.505657] Loading compiled-in X.509 certificates
[    1.512548] Loaded X.509 cert 'Build time autogenerated kernel key: 1cc14bc8298a06d551159822c55fa35abd77a621'
[    1.516326] zswap: loaded using pool lzo/zbud
[    1.523200] Key type big_key registered
[    1.524487] Key type trusted registered
[    1.529525] Key type encrypted registered
[    1.531212] AppArmor: AppArmor sha1 policy hashing enabled
[    1.533073] ima: No TPM chip found, activating TPM-bypass! (rc=-19)
[    1.534963] ima: Allocated hash algorithm: sha1
[    1.536410] evm: HMAC attrs: 0x1
[    1.538018]   Magic number: 8:171:188
[    1.539322] rtc_cmos rtc_cmos: setting system clock to 2020-06-10 17:09:29 UTC (1591808969)
[    1.542035] BIOS EDD facility v0.16 2004-Jun-25, 0 devices found
[    1.544720] EDD information not available.
[    1.648820] Freeing unused kernel image memory: 2408K
[    1.660637] Write protecting the kernel read-only data: 20480k
[    1.668392] Freeing unused kernel image memory: 2008K
[    1.678806] Freeing unused kernel image memory: 1872K
[    1.732061] x86/mm: Checked W+X mappings: passed, no W+X pages found.
[    1.734050] x86/mm: Checking user space page tables
[    1.769252] x86/mm: Checked W+X mappings: passed, no W+X pages found.
Loading, please wait...
starting version 237
[    1.983547] e1000: Intel(R) PRO/1000 Network Driver - version 7.3.21-k8-NAPI
[    1.986254] e1000: Copyright (c) 1999-2006 Intel Corporation.
[    1.993390] Fusion MPT base driver 3.04.20
[    1.995315] Copyright (c) 1999-2008 LSI Corporation
[    2.039172] Fusion MPT SPI Host driver 3.04.20
[    2.107888] AVX version of gcm_enc/dec engaged.
[    2.111570] AES CTR mode by8 optimization enabled
[    2.233910] input: ImExPS/2 Generic Explorer Mouse as /devices/platform/i8042/serio1/input/input4
[    2.738115] e1000 0000:00:03.0 eth0: (PCI:33MHz:32-bit) 02:54:57:2b:5c:0a
[    2.740203] e1000 0000:00:03.0 eth0: Intel(R) PRO/1000 Network Connection
[    2.744882] mptbase: ioc0: Initiating bringup
[    2.841727] ioc0: LSI53C1030 A0: Capabilities={Initiator}
[    3.093695] scsi host2: ioc0: LSI53C1030 A0, FwRev=00000000h, Ports=1, MaxQ=256, IRQ=20
[    3.270121] scsi 2:0:0:0: Direct-Access     VBOX     HARDDISK         1.0  PQ: 0 ANSI: 5
[    3.284302] scsi target2:0:0: Beginning Domain Validation
[    3.292855] random: fast init done
[    3.303472] scsi target2:0:0: Domain Validation skipping write tests
[    3.306675] scsi target2:0:0: Ending Domain Validation
[    3.309357] scsi target2:0:0: asynchronous
[    3.312627] scsi 2:0:1:0: Direct-Access     VBOX     HARDDISK         1.0  PQ: 0 ANSI: 5
[    3.316930] scsi target2:0:1: Beginning Domain Validation
[    3.321732] scsi target2:0:1: Domain Validation skipping write tests
[    3.324009] scsi target2:0:1: Ending Domain Validation
[    3.337299] scsi target2:0:1: asynchronous
[    3.420798] sd 2:0:0:0: [sda] 20971520 512-byte logical blocks: (10.7 GB/10.0 GiB)
[    3.424003] sd 2:0:0:0: [sda] Write Protect is off
[    3.426005] sd 2:0:0:0: Attached scsi generic sg0 type 0
[    3.428851] sd 2:0:0:0: [sda] Incomplete mode parameter data
[    3.433337] sd 2:0:0:0: [sda] Assuming drive cache: write through
[    3.436295] sd 2:0:1:0: [sdb] 20480 512-byte logical blocks: (10.5 MB/10.0 MiB)
[    3.439297] sd 2:0:1:0: [sdb] Write Protect is off
[    3.441283] sd 2:0:1:0: Attached scsi generic sg1 type 0
[    3.443450] random: systemd-udevd: uninitialized urandom read (16 bytes read)
[    3.447316] sd 2:0:1:0: [sdb] Incomplete mode parameter data
[    3.449821] sd 2:0:1:0: [sdb] Assuming drive cache: write through
[    3.458813] random: systemd-udevd: uninitialized urandom read (16 bytes read)
[    3.462125] random: systemd-udevd: uninitialized urandom read (16 bytes read)
[    3.497929]  sda: sda1
[    3.507060] sd 2:0:0:0: [sda] Attached SCSI disk
[    3.525837] sd 2:0:1:0: [sdb] Attached SCSI disk
[    3.969150] e1000 0000:00:08.0 eth1: (PCI:33MHz:32-bit) 08:00:27:6a:de:5c
[    3.974233] e1000 0000:00:08.0 eth1: Intel(R) PRO/1000 Network Connection
[    3.985924] e1000 0000:00:03.0 enp0s3: renamed from eth0
[    3.998065] e1000 0000:00:08.0 enp0s8: renamed from eth1
Begin: Loading essential drivers ... [    6.304316] raid6: sse2x1   gen()  2526 MB/s
[    6.352128] raid6: sse2x1   xor()  1675 MB/s
[    6.400144] raid6: sse2x2   gen()  5472 MB/s
[    6.448265] raid6: sse2x2   xor()  2386 MB/s
[    6.496097] raid6: sse2x4   gen()  5388 MB/s
[    6.544088] raid6: sse2x4   xor()  2143 MB/s
[    6.546578] raid6: using algorithm sse2x2 gen() 5472 MB/s
[    6.549192] raid6: .... xor() 2386 MB/s, rmw enabled
[    6.551900] raid6: using ssse3x2 recovery algorithm
[    6.559367] xor: automatically using best checksumming function   avx       
[    6.572161] async_tx: api initialized (async)
done.
Begin: Running /scripts/init-premount ... done.
Begin: Mounting root file system ... Begin: Running /scripts/local-top ... done.
Begin: Running /scripts/local-premount ... [    6.769619] Btrfs loaded, crc32c=crc32c-intel
Scanning for Btrfs filesystems
done.
Warning: fsck not present, so skipping root file system
[    7.017910] EXT4-fs (sda1): mounted filesystem with ordered data mode. Opts: (null)
done.
Begin: Running /scripts/local-bottom ... done.
Begin: Running /scripts/init-bottom ... done.
[    9.005960] ip_tables: (C) 2000-2006 Netfilter Core Team
[    9.127290] systemd[1]: systemd 237 running in system mode. (+PAM +AUDIT +SELINUX +IMA +APPARMOR +SMACK +SYSVINIT +UTMP +LIBCRYPTSETUP +GCRYPT +GNUTLS +ACL +XZ +LZ4 +SECCOMP +BLKID +ELFUTILS +KMOD -IDN2 +IDN -PCRE2 default-hierarchy=hybrid)
[    9.137570] systemd[1]: Detected virtualization oracle.
[    9.140565] systemd[1]: Detected architecture x86-64.
[    9.177186] random: crng init done
[    9.180069] random: 7 urandom warning(s) missed due to ratelimiting

Welcome to [1mUbuntu 18.04.4 LTS[0m!

[    9.248421] systemd[1]: Set hostname to <laravelbionic>.
[   13.712361] systemd[1]: Created slice User and Session Slice.
[[0;32m  OK  [0m] Created slice User and Session Slice.
[   13.722338] systemd[1]: Created slice System Slice.
[[0;32m  OK  [0m] Created slice System Slice.
[   13.730883] systemd[1]: Listening on Journal Socket (/dev/log).
[[0;32m  OK  [0m] Listening on Journal Socket (/dev/log).
[   13.740662] systemd[1]: Listening on Syslog Socket.
[[0;32m  OK  [0m] Listening on Syslog Socket.
[   13.748059] systemd[1]: Created slice system-serial\x2dgetty.slice.
[[0;32m  OK  [0m] Created slice system-serial\x2dgetty.slice.
[   13.751486] systemd[1]: Started Forward Password Requests to Wall Directory Watch.
[[0;32m  OK  [0m] Started Forward Password Requests to Wall Directory Watch.
[[0;32m  OK  [0m] Listening on udev Control Socket.
[[0;32m  OK  [0m] Listening on Journal Audit Socket.
[[0;32m  OK  [0m] Listening on /dev/initctl Compatibility Named Pipe.
[[0;32m  OK  [0m] Reached target System Time Synchronized.
[[0;32m  OK  [0m] Listening on udev Kernel Socket.
[[0;32m  OK  [0m] Listening on Device-mapper event daemon FIFOs.
[[0;32m  OK  [0m] Listening on LVM2 metadata daemon socket.
[[0;32m  OK  [0m] Listening on LVM2 poll daemon socket.
[[0;32m  OK  [0m] Reached target Slices.
[[0;32m  OK  [0m] Set up automount Arbitrary Executab…rmats File System Automount Point.
[[0;32m  OK  [0m] Reached target Swap.
[[0;32m  OK  [0m] Listening on Journal Socket.
         Starting udev Coldplug all Devices...
         Starting Create list of required st…ce nodes for the current kernel...
         Mounting Huge Pages File System...
         Starting Remount Root and Kernel File Systems...
         Starting Journal Service...
         Starting Set the console keyboard layout...
         Mounting POSIX Message Queue File System...
         Starting Uncomplicated firewall...
[[0;32m  OK  [0m] Reached target User and Group Name Lookups.
[[0;32m  OK  [0m] Listening on Network Service Netlink Socket.
         Starting Load Kernel Modules...
         Mounting Kernel Debug File System...
         Starting Monitoring of LVM2 mirrors…ng dmeventd or progress polling...
[[0;32m  OK  [0m] Started Create list of required sta…vice nodes for the current kernel.
[[0;32m  OK  [0m] Mounted Huge Pages File System.
[[0;32m  OK  [0m] Mounted POSIX Message Queue File System.
[[0;32m  OK  [0m] Started Uncomplicated firewall.
         Starting Create Static Device Nodes in /dev...
[[0;32m  OK  [0m] Mounted Kernel Debug File System.
[   14.198713] systemd[1]: Started LVM2 metadata daemon.
[[0;32m  OK  [0m] Started LVM2 metadata daemon.
[   14.232621] systemd[1]: Started udev Coldplug all Devices.
[[0;32m  OK  [0m] Started udev Coldplug all Devices.
[   14.311468] Loading iSCSI transport class v2.0-870.
[   14.331234] iscsi: registered transport (tcp)
[   14.333971] EXT4-fs (sda1): re-mounted. Opts: (null)
[   14.339689] systemd[1]: Started Remount Root and Kernel File Systems.
[[0;32m  OK  [0m] Started Remount Root and Kernel File Systems.
[   14.346671] systemd[1]: Starting Load/Save Random Seed...
         Starting Load/Save Random Seed...
[   14.718094] systemd[1]: Started Load/Save Random Seed.
[[0;32m  OK  [0m] Started Load/Save Random Seed.
[   14.770845] systemd[1]: Started Journal Service.
[[0;32m  OK  [0m] Started Journal Service.
         Starting Flush Journal to Persistent Storage...
[[0;32m  OK  [0m] Started Set the console keyboard layout.
[   14.924793] systemd-journald[385]: Received request to flush runtime journal from PID 1
[[0;32m  OK  [0m] Started Monitoring of LVM2 mirrors,…sing dmeventd or progress polling.
[[0;32m  OK  [0m] Started Create Static Device Nodes in /dev.
[[0;32m  OK  [0m] Reached target Local File Systems (Pre).
[[0;32m  OK  [0m] Reached target Local File Systems.
         Starting Set console font and keymap...
         Starting AppArmor initialization...
         Starting ebtables ruleset management...
         Starting Tell Plymouth To Write Out Runtime Data...
         Starting udev Kernel Device Manager...
[   15.379258] iscsi: registered transport (iser)
[[0;32m  OK  [0m] Started Load Kernel Modules.
         Mounting FUSE Control File System...
         Mounting Kernel Configuration File System...
         Starting Apply Kernel Variables...
[[0;32m  OK  [0m] Started Set console font and keymap.
[[0;32m  OK  [0m] Mounted FUSE Control File System.
[[0;32m  OK  [0m] Mounted Kernel Configuration File System.
[[0;32m  OK  [0m] Started Tell Plymouth To Write Out Runtime Data.
[[0;32m  OK  [0m] Started Flush Journal to Persistent Storage.
         Starting Create Volatile Files and Directories...
[[0;32m  OK  [0m] Started ebtables ruleset management.
[[0;32m  OK  [0m] Started Apply Kernel Variables.
[[0;32m  OK  [0m] Started udev Kernel Device Manager.
[[0;32m  OK  [0m] Started Dispatch Password Requests to Console Directory Watch.
[[0;32m  OK  [0m] Reached target Local Encrypted Volumes.
[[0;32m  OK  [0m] Started Create Volatile Files and Directories.
         Starting Update UTMP about System Boot/Shutdown...
[[0;32m  OK  [0m] Started Update UTMP about System Boot/Shutdown.
[[0;32m  OK  [0m] Started AppArmor initialization.
         Starting Initial cloud-init job (pre-networking)...
[[0;32m  OK  [0m] Found device /dev/ttyS0.
[[0;32m  OK  [0m] Listening on Load/Save RF Kill Switch Status /dev/rfkill Watch.
[   27.464745] cloud-init[505]: Cloud-init v. 19.4-33-gbb4131a2-0ubuntu1~18.04.1 running 'init-local' at Wed, 10 Jun 2020 17:09:54 +0000. Up 26.45 seconds.
[[0;32m  OK  [0m] Started Initial cloud-init job (pre-networking).
[[0;32m  OK  [0m] Reached target Network (Pre).
         Starting Network Service...
[[0;32m  OK  [0m] Started Network Service.
         Starting Network Name Resolution...
         Starting Wait for Network to be Configured...
[[0;32m  OK  [0m] Started Network Name Resolution.
[[0;32m  OK  [0m] Reached target Host and Network Name Lookups.
[[0;32m  OK  [0m] Reached target Network.
[[0;32m  OK  [0m] Started Wait for Network to be Configured.
         Starting Initial cloud-init job (metadata service crawler)...
[   30.704268] cloud-init[660]: Cloud-init v. 19.4-33-gbb4131a2-0ubuntu1~18.04.1 running 'init' at Wed, 10 Jun 2020 17:09:58 +0000. Up 30.18 seconds.
[   30.707709] cloud-init[660]: ci-info: ++++++++++++++++++++++++++++++++++++++Net device info+++++++++++++++++++++++++++++++++++++++
[   30.712767] cloud-init[660]: ci-info: +--------+------+-----------------------------+---------------+--------+-------------------+
[   30.724385] cloud-init[660]: ci-info: | Device |  Up  |           Address           |      Mask     | Scope  |     Hw-Address    |
[   30.728744] cloud-init[660]: ci-info: +--------+------+-----------------------------+---------------+--------+-------------------+
[   30.730434] cloud-init[660]: ci-info: | enp0s3 | True |          10.0.2.15          | 255.255.255.0 | global | 02:54:57:2b:5c:0a |
[   30.733487] cloud-init[660]: ci-info: | enp0s3 | True |  fe80::54:57ff:fe2b:5c0a/64 |       .       |  link  | 02:54:57:2b:5c:0a |
[   30.735420] cloud-init[660]: ci-info: | enp0s8 | True |        192.168.33.90        | 255.255.255.0 | global | 08:00:27:6a:de:5c |
[   30.737394] cloud-init[660]: ci-info: | enp0s8 | True | fe80::a00:27ff:fe6a:de5c/64 |       .       |  link  | 08:00:27:6a:de:5c |
[   30.739145] cloud-init[660]: ci-info: |   lo   | True |          127.0.0.1          |   255.0.0.0   |  host  |         .         |
[   30.741487] cloud-init[660]: ci-info: |   lo   | True |           ::1/128           |       .       |  host  |         .         |
[   30.749876] cloud-init[660]: ci-info: +--------+------+-----------------------------+---------------+--------+-------------------+
[   30.751740] cloud-init[660]: ci-info: +++++++++++++++++++++++++++++Route IPv4 info+++++++++++++++++++++++++++++
[   30.753448] cloud-init[660]: ci-info: +-------+--------------+----------+-----------------+-----------+-------+
[   30.755298] cloud-init[660]: ci-info: | Route | Destination  | Gateway  |     Genmask     | Interface | Flags |
[   30.759068] cloud-init[660]: ci-info: +-------+--------------+----------+-----------------+-----------+-------+
[   30.769919] cloud-init[660]: ci-info: |   0   |   0.0.0.0    | 10.0.2.2 |     0.0.0.0     |   enp0s3  |   UG  |
[   30.771686] cloud-init[660]: ci-info: |   1   |   10.0.2.0   | 0.0.0.0  |  255.255.255.0  |   enp0s3  |   U   |
[   30.776872] cloud-init[660]: ci-info: |   2   |   10.0.2.2   | 0.0.0.0  | 255.255.255.255 |   enp0s3  |   UH  |
[   30.782577] cloud-init[660]: ci-info: |   3   | 192.168.33.0 | 0.0.0.0  |  255.255.255.0  |   enp0s8  |   U   |
[   30.784831] cloud-init[660]: ci-info: +-------+--------------+----------+-----------------+-----------+-------+
[   30.789310] cloud-init[660]: ci-info: +++++++++++++++++++Route IPv6 info+++++++++++++++++++
[   30.795271] cloud-init[660]: ci-info: +-------+-------------+---------+-----------+-------+
[   30.796841] cloud-init[660]: ci-info: | Route | Destination | Gateway | Interface | Flags |
[   30.800181] cloud-init[660]: ci-info: +-------+-------------+---------+-----------+-------+
[   30.801510] cloud-init[660]: ci-info: |   1   |  fe80::/64  |    ::   |   enp0s8  |   U   |
[   30.804688] cloud-init[660]: ci-info: |   2   |  fe80::/64  |    ::   |   enp0s3  |   U   |
[   30.808981] cloud-init[660]: ci-info: |   4   |    local    |    ::   |   enp0s3  |   U   |
[   30.813740] cloud-init[660]: ci-info: |   5   |    local    |    ::   |   enp0s8  |   U   |
[   30.815123] cloud-init[660]: ci-info: |   6   |   ff00::/8  |    ::   |   enp0s8  |   U   |
[   30.816885] cloud-init[660]: ci-info: |   7   |   ff00::/8  |    ::   |   enp0s3  |   U   |
[   30.819389] cloud-init[660]: ci-info: +-------+-------------+---------+-----------+-------+
[[0;32m  OK  [0m] Started Initial cloud-init job (metadata service crawler).
[[0;32m  OK  [0m] Reached target Network is Online.
         Starting Availability of block devices...
[[0;32m  OK  [0m] Reached target Remote File Systems (Pre).
[[0;32m  OK  [0m] Reached target Remote File Systems.
[[0;32m  OK  [0m] Reached target System Initialization.
         Starting Socket activation for snappy daemon.
[[0;32m  OK  [0m] Listening on UUID daemon activation socket.
[[0;32m  OK  [0m] Started Discard unused blocks once a week.
[[0;32m  OK  [0m] Listening on ACPID Listen Socket.
[[0;32m  OK  [0m] Started Clean PHP session files every 30 mins.
[[0;32m  OK  [0m] Listening on D-Bus System Message Bus Socket.
[[0;32m  OK  [0m] Started Message of the Day.
         Starting LXD - unix socket.
[[0;32m  OK  [0m] Started ACPI Events Check.
[[0;32m  OK  [0m] Reached target Paths.
[[0;32m  OK  [0m] Listening on Open-iSCSI iscsid Socket.
[[0;32m  OK  [0m] Started Daily apt download activities.
[[0;32m  OK  [0m] Started Daily apt upgrade and clean activities.
[[0;32m  OK  [0m] Started Daily Cleanup of Temporary Directories.
[[0;32m  OK  [0m] Reached target Timers.
[[0;32m  OK  [0m] Reached target Cloud-config availability.
[[0;32m  OK  [0m] Started Availability of block devices.
[[0;32m  OK  [0m] Listening on Socket activation for snappy daemon.
[[0;32m  OK  [0m] Listening on LXD - unix socket.
[[0;32m  OK  [0m] Reached target Sockets.
[[0;32m  OK  [0m] Reached target Basic System.
         Starting LXD - container startup/shutdown...
[[0;32m  OK  [0m] Started D-Bus System Message Bus.
         Starting Advanced key-value store...
         Starting LSB: Record successful boot for GRUB...
[[0;32m  OK  [0m] Started FUSE filesystem for LXC.
[[0;32m  OK  [0m] Started irqbalance daemon.
         Starting Permit User Sessions...
         Starting Dispatcher daemon for systemd-networkd...
         Starting Login Service...
         Starting The PHP 7.2 FastCGI Process Manager...
         Starting OpenBSD Secure Shell server...
         Starting Message of the Day...
         Starting LSB: automatic crash report generation...
         Starting Clean php session files...
[[0;32m  OK  [0m] Started Regular background program processing daemon.
         Starting Virtualbox guest utils...
         Starting The Apache HTTP Server...
         Starting Snappy daemon...
         Starting Accounts Service...
         Starting MySQL Community Server...
         Starting System Logging Service...
[[0;32m  OK  [0m] Started Deferred execution scheduler.
[[0;32m  OK  [0m] Started Advanced key-value store.
[[0;32m  OK  [0m] Started Permit User Sessions.
[[0;32m  OK  [0m] Started Login Service.
[[0;32m  OK  [0m] Started Unattended Upgrades Shutdown.
         Starting Terminate Plymouth Boot Screen...
         Starting Hold until boot process finishes up...
[[0;32m  OK  [0m] Started Terminate Plymouth Boot Screen.
[[0;32m  OK  [0m] Started Hold until boot process finishes up.
[[0;32m  OK  [0m] Started Serial Getty on ttyS0.
         Starting Set console scheme...
[[0;32m  OK  [0m] Started Set console scheme.
[[0;32m  OK  [0m] Created slice system-getty.slice.
[[0;32m  OK  [0m] Started Getty on tty1.
[[0;32m  OK  [0m] Reached target Login Prompts.
[[0;32m  OK  [0m] Started LSB: automatic crash report generation.
[[0;32m  OK  [0m] Started LSB: Record successful boot for GRUB.
[[0;32m  OK  [0m] Started System Logging Service.
         Starting Authorization Manager...

Ubuntu 18.04.4 LTS laravelbionic ttyS0

laravelbionic login: [   52.437817] cloud-init[1288]: Cloud-init v. 19.4-33-gbb4131a2-0ubuntu1~18.04.1 running 'modules:config' at Wed, 10 Jun 2020 17:10:18 +0000. Up 50.12 seconds.
[   56.860506] cloud-init[1603]: Cloud-init v. 19.4-33-gbb4131a2-0ubuntu1~18.04.1 running 'modules:final' at Wed, 10 Jun 2020 17:10:24 +0000. Up 56.37 seconds.
[   56.862465] cloud-init[1603]: Cloud-init v. 19.4-33-gbb4131a2-0ubuntu1~18.04.1 finished at Wed, 10 Jun 2020 17:10:24 +0000. Datasource DataSourceNoCloud [seed=/dev/sdb][dsmode=net].  Up 56.82 seconds
